[2025-09-14T12:13:42.969Z] Starting all scrapers...
[2025-09-14T12:13:42.970Z] Starting Animesail scraper...
[2025-09-14T12:13:44.311Z] Animesail scraper finished.
[2025-09-14T12:13:49.314Z] Starting Samehadaku scraper...
[2025-09-14T12:14:28.644Z] Starting all scrapers...
[2025-09-14T12:14:28.644Z] Starting Animesail scraper...
[2025-09-14T12:14:29.614Z] Animesail scraper finished.
[2025-09-14T12:14:34.617Z] Starting Samehadaku scraper...
[2025-09-14T12:15:12.468Z] Samehadaku scraper finished.
[2025-09-14T12:15:12.469Z] All scrapers finished.
[2025-09-14T12:20:47.074Z] Starting all scrapers...
[2025-09-14T12:20:47.076Z] Starting Animesail scraper...
[2025-09-14T12:20:47.078Z] [Animesail] Starting scraping from https://154.26.137.28/anime/
[2025-09-14T12:20:47.949Z] [Animesail] Cleared old data from slugs:animesail
[2025-09-14T12:20:48.935Z] [Animesail] Found 4803 anime links.
[2025-09-14T12:20:50.301Z] [Animesail] Successfully stored 4803 slugs in Redis.
[2025-09-14T12:20:50.301Z] Animesail scraper finished.
[2025-09-14T12:20:55.304Z] Starting Samehadaku scraper...
[2025-09-14T12:20:55.310Z] [Samehadaku] Starting scraping...
[2025-09-14T12:20:55.372Z] [Samehadaku] Cleared old data from slugs:samehadaku
[2025-09-14T12:20:55.374Z] [Samehadaku] Scraping page 1 from https://v1.samehadaku.how/daftar-anime-2/
[2025-09-14T12:20:56.205Z] [Samehadaku] Found 30 anime links on page 1.
[2025-09-14T12:20:56.291Z] [Samehadaku] Successfully stored 30 slugs from page 1 in Redis.
[2025-09-14T12:20:57.294Z] [Samehadaku] Scraping page 2 from https://v1.samehadaku.how/daftar-anime-2/page/2/
[2025-09-14T12:20:58.837Z] [Samehadaku] Found 30 anime links on page 2.
[2025-09-14T12:20:58.895Z] [Samehadaku] Successfully stored 30 slugs from page 2 in Redis.
[2025-09-14T12:20:59.920Z] [Samehadaku] Scraping page 3 from https://v1.samehadaku.how/daftar-anime-2/page/3/
[2025-09-14T12:21:01.803Z] [Samehadaku] Found 30 anime links on page 3.
[2025-09-14T12:21:01.898Z] [Samehadaku] Successfully stored 30 slugs from page 3 in Redis.
[2025-09-14T12:21:02.925Z] [Samehadaku] Scraping page 4 from https://v1.samehadaku.how/daftar-anime-2/page/4/
[2025-09-14T12:21:03.451Z] [Samehadaku] Found 30 anime links on page 4.
[2025-09-14T12:21:03.525Z] [Samehadaku] Successfully stored 30 slugs from page 4 in Redis.
[2025-09-14T12:21:04.531Z] [Samehadaku] Scraping page 5 from https://v1.samehadaku.how/daftar-anime-2/page/5/
[2025-09-14T12:21:05.002Z] [Samehadaku] Found 30 anime links on page 5.
[2025-09-14T12:21:05.054Z] [Samehadaku] Successfully stored 30 slugs from page 5 in Redis.
[2025-09-14T12:21:06.055Z] [Samehadaku] Scraping page 6 from https://v1.samehadaku.how/daftar-anime-2/page/6/
[2025-09-14T12:21:06.780Z] [Samehadaku] Found 30 anime links on page 6.
[2025-09-14T12:21:06.888Z] [Samehadaku] Successfully stored 30 slugs from page 6 in Redis.
[2025-09-14T12:21:07.888Z] [Samehadaku] Scraping page 7 from https://v1.samehadaku.how/daftar-anime-2/page/7/
[2025-09-14T12:21:08.393Z] [Samehadaku] Found 30 anime links on page 7.
[2025-09-14T12:21:08.472Z] [Samehadaku] Successfully stored 30 slugs from page 7 in Redis.
[2025-09-14T12:21:09.483Z] [Samehadaku] Scraping page 8 from https://v1.samehadaku.how/daftar-anime-2/page/8/
[2025-09-14T12:21:09.999Z] [Samehadaku] Found 30 anime links on page 8.
[2025-09-14T12:21:10.094Z] [Samehadaku] Successfully stored 30 slugs from page 8 in Redis.
[2025-09-14T12:21:11.115Z] [Samehadaku] Scraping page 9 from https://v1.samehadaku.how/daftar-anime-2/page/9/
[2025-09-14T12:21:11.654Z] [Samehadaku] Found 30 anime links on page 9.
[2025-09-14T12:21:11.721Z] [Samehadaku] Successfully stored 30 slugs from page 9 in Redis.
[2025-09-14T12:21:12.744Z] [Samehadaku] Scraping page 10 from https://v1.samehadaku.how/daftar-anime-2/page/10/
[2025-09-14T12:21:13.157Z] [Samehadaku] Found 30 anime links on page 10.
[2025-09-14T12:21:13.276Z] [Samehadaku] Successfully stored 30 slugs from page 10 in Redis.
[2025-09-14T12:21:14.291Z] [Samehadaku] Scraping page 11 from https://v1.samehadaku.how/daftar-anime-2/page/11/
[2025-09-14T12:21:15.384Z] [Samehadaku] Found 30 anime links on page 11.
[2025-09-14T12:21:15.447Z] [Samehadaku] Successfully stored 30 slugs from page 11 in Redis.
[2025-09-14T12:21:16.472Z] [Samehadaku] Scraping page 12 from https://v1.samehadaku.how/daftar-anime-2/page/12/
[2025-09-14T12:21:17.522Z] [Samehadaku] Found 30 anime links on page 12.
[2025-09-14T12:21:17.594Z] [Samehadaku] Successfully stored 30 slugs from page 12 in Redis.
[2025-09-14T12:21:18.609Z] [Samehadaku] Scraping page 13 from https://v1.samehadaku.how/daftar-anime-2/page/13/
[2025-09-14T12:21:19.087Z] [Samehadaku] Found 30 anime links on page 13.
[2025-09-14T12:21:19.162Z] [Samehadaku] Successfully stored 30 slugs from page 13 in Redis.
[2025-09-14T12:21:20.169Z] [Samehadaku] Scraping page 14 from https://v1.samehadaku.how/daftar-anime-2/page/14/
[2025-09-14T12:21:21.536Z] [Samehadaku] Found 30 anime links on page 14.
[2025-09-14T12:21:21.608Z] [Samehadaku] Successfully stored 30 slugs from page 14 in Redis.
[2025-09-14T12:21:22.611Z] [Samehadaku] Scraping page 15 from https://v1.samehadaku.how/daftar-anime-2/page/15/
[2025-09-14T12:21:23.533Z] [Samehadaku] Found 30 anime links on page 15.
[2025-09-14T12:21:23.671Z] [Samehadaku] Successfully stored 30 slugs from page 15 in Redis.
[2025-09-14T12:21:24.694Z] [Samehadaku] Scraping page 16 from https://v1.samehadaku.how/daftar-anime-2/page/16/
[2025-09-14T12:21:25.499Z] [Samehadaku] Found 30 anime links on page 16.
[2025-09-14T12:21:25.562Z] [Samehadaku] Successfully stored 30 slugs from page 16 in Redis.
[2025-09-14T12:21:26.588Z] [Samehadaku] Scraping page 17 from https://v1.samehadaku.how/daftar-anime-2/page/17/
[2025-09-14T12:21:27.147Z] [Samehadaku] Found 30 anime links on page 17.
[2025-09-14T12:21:27.213Z] [Samehadaku] Successfully stored 30 slugs from page 17 in Redis.
[2025-09-14T12:21:28.214Z] [Samehadaku] Scraping page 18 from https://v1.samehadaku.how/daftar-anime-2/page/18/
[2025-09-14T12:21:28.654Z] [Samehadaku] Found 30 anime links on page 18.
[2025-09-14T12:21:28.711Z] [Samehadaku] Successfully stored 30 slugs from page 18 in Redis.
[2025-09-14T12:21:29.715Z] [Samehadaku] Scraping page 19 from https://v1.samehadaku.how/daftar-anime-2/page/19/
[2025-09-14T12:21:30.121Z] [Samehadaku] Found 30 anime links on page 19.
[2025-09-14T12:21:30.190Z] [Samehadaku] Successfully stored 30 slugs from page 19 in Redis.
[2025-09-14T12:21:31.191Z] [Samehadaku] Scraping page 20 from https://v1.samehadaku.how/daftar-anime-2/page/20/
[2025-09-14T12:21:31.635Z] [Samehadaku] Found 30 anime links on page 20.
[2025-09-14T12:21:31.705Z] [Samehadaku] Successfully stored 30 slugs from page 20 in Redis.
[2025-09-14T12:21:32.718Z] [Samehadaku] Scraping page 21 from https://v1.samehadaku.how/daftar-anime-2/page/21/
[2025-09-14T12:21:34.080Z] [Samehadaku] Found 17 anime links on page 21.
[2025-09-14T12:21:34.132Z] [Samehadaku] Successfully stored 17 slugs from page 21 in Redis.
[2025-09-14T12:21:35.133Z] [Samehadaku] Scraping page 22 from https://v1.samehadaku.how/daftar-anime-2/page/22/
[2025-09-14T12:21:35.489Z] [Samehadaku] Found 0 anime links on page 22.
[2025-09-14T12:21:35.489Z] [Samehadaku] No more anime links found. Exiting.
[2025-09-14T12:21:35.543Z] [Samehadaku] Finished scraping. Total slugs stored: 615
[2025-09-14T12:21:35.544Z] Samehadaku scraper finished.
[2025-09-14T12:21:35.545Z] All scrapers finished.
[2025-09-14T12:22:57.066Z] Starting all scrapers...
[2025-09-14T12:22:57.070Z] Starting Animesail scraper...
[2025-09-14T12:22:57.075Z] [Animesail] Starting scraping from https://154.26.137.28/anime/
[2025-09-14T12:22:57.933Z] [Animesail] Cleared old data from slugs:animesail
[2025-09-14T12:22:58.628Z] [Animesail] Found 4803 anime links.
[2025-09-14T12:22:59.952Z] [Animesail] Successfully stored 4803 slugs in Redis.
[2025-09-14T12:22:59.953Z] Animesail scraper finished.
[2025-09-14T12:23:04.957Z] Starting Samehadaku scraper...
[2025-09-14T12:23:04.983Z] [Samehadaku] Starting scraping...
[2025-09-14T12:23:05.174Z] [Samehadaku] Cleared old data from slugs:samehadaku
[2025-09-14T12:23:05.176Z] [Samehadaku] Scraping page 1 from https://v1.samehadaku.how/daftar-anime-2/
[2025-09-14T12:23:05.919Z] [Samehadaku] Found 30 anime links on page 1.
[2025-09-14T12:23:06.031Z] [Samehadaku] Successfully stored 30 slugs from page 1 in Redis.
[2025-09-14T12:23:07.033Z] [Samehadaku] Scraping page 2 from https://v1.samehadaku.how/daftar-anime-2/page/2/
[2025-09-14T12:23:07.525Z] [Samehadaku] Found 30 anime links on page 2.
[2025-09-14T12:23:07.602Z] [Samehadaku] Successfully stored 30 slugs from page 2 in Redis.
[2025-09-14T12:23:08.606Z] [Samehadaku] Scraping page 3 from https://v1.samehadaku.how/daftar-anime-2/page/3/
[2025-09-14T12:23:09.028Z] [Samehadaku] Found 30 anime links on page 3.
[2025-09-14T12:23:09.096Z] [Samehadaku] Successfully stored 30 slugs from page 3 in Redis.
[2025-09-14T12:23:10.100Z] [Samehadaku] Scraping page 4 from https://v1.samehadaku.how/daftar-anime-2/page/4/
[2025-09-14T12:23:10.555Z] [Samehadaku] Found 30 anime links on page 4.
[2025-09-14T12:23:10.611Z] [Samehadaku] Successfully stored 30 slugs from page 4 in Redis.
[2025-09-14T12:23:11.636Z] [Samehadaku] Scraping page 5 from https://v1.samehadaku.how/daftar-anime-2/page/5/
[2025-09-14T12:23:12.395Z] [Samehadaku] Found 30 anime links on page 5.
[2025-09-14T12:23:12.451Z] [Samehadaku] Successfully stored 30 slugs from page 5 in Redis.
[2025-09-14T12:23:13.458Z] [Samehadaku] Scraping page 6 from https://v1.samehadaku.how/daftar-anime-2/page/6/
[2025-09-14T12:23:13.959Z] [Samehadaku] Found 30 anime links on page 6.
[2025-09-14T12:23:14.035Z] [Samehadaku] Successfully stored 30 slugs from page 6 in Redis.
[2025-09-14T12:23:15.058Z] [Samehadaku] Scraping page 7 from https://v1.samehadaku.how/daftar-anime-2/page/7/
[2025-09-14T12:23:15.812Z] [Samehadaku] Found 30 anime links on page 7.
[2025-09-14T12:23:15.894Z] [Samehadaku] Successfully stored 30 slugs from page 7 in Redis.
[2025-09-14T12:23:16.912Z] [Samehadaku] Scraping page 8 from https://v1.samehadaku.how/daftar-anime-2/page/8/
[2025-09-14T12:23:17.431Z] [Samehadaku] Found 30 anime links on page 8.
[2025-09-14T12:23:17.534Z] [Samehadaku] Successfully stored 30 slugs from page 8 in Redis.
[2025-09-14T12:23:18.566Z] [Samehadaku] Scraping page 9 from https://v1.samehadaku.how/daftar-anime-2/page/9/
[2025-09-14T12:23:19.000Z] [Samehadaku] Found 30 anime links on page 9.
[2025-09-14T12:23:19.080Z] [Samehadaku] Successfully stored 30 slugs from page 9 in Redis.
[2025-09-14T12:23:20.094Z] [Samehadaku] Scraping page 10 from https://v1.samehadaku.how/daftar-anime-2/page/10/
[2025-09-14T12:23:20.497Z] [Samehadaku] Found 30 anime links on page 10.
[2025-09-14T12:23:20.580Z] [Samehadaku] Successfully stored 30 slugs from page 10 in Redis.
[2025-09-14T12:23:21.603Z] [Samehadaku] Scraping page 11 from https://v1.samehadaku.how/daftar-anime-2/page/11/
[2025-09-14T12:23:22.181Z] [Samehadaku] Found 30 anime links on page 11.
[2025-09-14T12:23:22.242Z] [Samehadaku] Successfully stored 30 slugs from page 11 in Redis.
[2025-09-14T12:23:23.259Z] [Samehadaku] Scraping page 12 from https://v1.samehadaku.how/daftar-anime-2/page/12/
[2025-09-14T12:23:23.700Z] [Samehadaku] Found 30 anime links on page 12.
[2025-09-14T12:23:23.760Z] [Samehadaku] Successfully stored 30 slugs from page 12 in Redis.
[2025-09-14T12:23:24.783Z] [Samehadaku] Scraping page 13 from https://v1.samehadaku.how/daftar-anime-2/page/13/
[2025-09-14T12:23:25.828Z] [Samehadaku] Found 30 anime links on page 13.
[2025-09-14T12:23:25.897Z] [Samehadaku] Successfully stored 30 slugs from page 13 in Redis.
[2025-09-14T12:23:26.917Z] [Samehadaku] Scraping page 14 from https://v1.samehadaku.how/daftar-anime-2/page/14/
[2025-09-14T12:23:27.394Z] [Samehadaku] Found 30 anime links on page 14.
[2025-09-14T12:23:27.452Z] [Samehadaku] Successfully stored 30 slugs from page 14 in Redis.
[2025-09-14T12:23:28.480Z] [Samehadaku] Scraping page 15 from https://v1.samehadaku.how/daftar-anime-2/page/15/
[2025-09-14T12:23:30.208Z] [Samehadaku] Found 30 anime links on page 15.
[2025-09-14T12:23:30.279Z] [Samehadaku] Successfully stored 30 slugs from page 15 in Redis.
[2025-09-14T12:23:31.282Z] [Samehadaku] Scraping page 16 from https://v1.samehadaku.how/daftar-anime-2/page/16/
[2025-09-14T12:23:32.065Z] [Samehadaku] Found 30 anime links on page 16.
[2025-09-14T12:23:32.121Z] [Samehadaku] Successfully stored 30 slugs from page 16 in Redis.
[2025-09-14T12:23:33.142Z] [Samehadaku] Scraping page 17 from https://v1.samehadaku.how/daftar-anime-2/page/17/
[2025-09-14T12:23:33.541Z] [Samehadaku] Found 30 anime links on page 17.
[2025-09-14T12:23:33.607Z] [Samehadaku] Successfully stored 30 slugs from page 17 in Redis.
[2025-09-14T12:23:34.635Z] [Samehadaku] Scraping page 18 from https://v1.samehadaku.how/daftar-anime-2/page/18/
[2025-09-14T12:23:35.038Z] [Samehadaku] Found 30 anime links on page 18.
[2025-09-14T12:23:35.101Z] [Samehadaku] Successfully stored 30 slugs from page 18 in Redis.
[2025-09-14T12:23:36.102Z] [Samehadaku] Scraping page 19 from https://v1.samehadaku.how/daftar-anime-2/page/19/
[2025-09-14T12:23:36.775Z] [Samehadaku] Found 30 anime links on page 19.
[2025-09-14T12:23:36.833Z] [Samehadaku] Successfully stored 30 slugs from page 19 in Redis.
[2025-09-14T12:23:37.854Z] [Samehadaku] Scraping page 20 from https://v1.samehadaku.how/daftar-anime-2/page/20/
[2025-09-14T12:23:38.298Z] [Samehadaku] Found 30 anime links on page 20.
[2025-09-14T12:23:38.360Z] [Samehadaku] Successfully stored 30 slugs from page 20 in Redis.
[2025-09-14T12:23:39.369Z] [Samehadaku] Scraping page 21 from https://v1.samehadaku.how/daftar-anime-2/page/21/
[2025-09-14T12:23:39.705Z] [Samehadaku] Found 17 anime links on page 21.
[2025-09-14T12:23:39.791Z] [Samehadaku] Successfully stored 17 slugs from page 21 in Redis.
[2025-09-14T12:23:40.817Z] [Samehadaku] Scraping page 22 from https://v1.samehadaku.how/daftar-anime-2/page/22/
[2025-09-14T12:23:41.176Z] [Samehadaku] Found 0 anime links on page 22.
[2025-09-14T12:23:41.180Z] [Samehadaku] No more anime links found. Exiting.
[2025-09-14T12:23:41.261Z] [Samehadaku] Finished scraping. Total slugs stored: 615
[2025-09-14T12:23:41.262Z] Samehadaku scraper finished.
[2025-09-14T12:23:41.263Z] All scrapers finished.
[2025-09-14T12:30:42.693Z] Starting all scrapers...
[2025-09-14T12:30:42.698Z] Starting Animesail scraper...
[2025-09-14T12:30:42.700Z] [Animesail] Starting scraping from https://154.26.137.28/anime/
[2025-09-14T12:30:43.630Z] [Animesail] Cleared old data from slugs:animesail
[2025-09-14T12:30:47.463Z] [Animesail] Found 4803 anime links.
[2025-09-14T12:30:49.221Z] [Animesail] Successfully stored 4803 slugs in Redis.
[2025-09-14T12:30:49.226Z] Animesail scraper finished.
[2025-09-14T12:30:54.248Z] Starting Samehadaku scraper...
[2025-09-14T12:30:54.251Z] [Samehadaku] Starting scraping...
[2025-09-14T12:30:54.386Z] [Samehadaku] Cleared old data from slugs:samehadaku
[2025-09-14T12:30:54.388Z] [Samehadaku] Scraping page 1 from https://v1.samehadaku.how/daftar-anime-2/
[2025-09-14T12:30:56.143Z] [Samehadaku] Found 30 anime links on page 1.
[2025-09-14T12:30:56.306Z] [Samehadaku] Successfully stored 30 slugs from page 1 in Redis.
[2025-09-14T12:30:57.313Z] [Samehadaku] Scraping page 2 from https://v1.samehadaku.how/daftar-anime-2/page/2/
[2025-09-14T12:30:57.870Z] [Samehadaku] Found 30 anime links on page 2.
[2025-09-14T12:30:57.952Z] [Samehadaku] Successfully stored 30 slugs from page 2 in Redis.
[2025-09-14T12:30:58.954Z] [Samehadaku] Scraping page 3 from https://v1.samehadaku.how/daftar-anime-2/page/3/
[2025-09-14T12:30:59.400Z] [Samehadaku] Found 30 anime links on page 3.
[2025-09-14T12:30:59.508Z] [Samehadaku] Successfully stored 30 slugs from page 3 in Redis.
[2025-09-14T12:31:00.546Z] [Samehadaku] Scraping page 4 from https://v1.samehadaku.how/daftar-anime-2/page/4/
[2025-09-14T12:31:01.080Z] [Samehadaku] Found 30 anime links on page 4.
[2025-09-14T12:31:01.162Z] [Samehadaku] Successfully stored 30 slugs from page 4 in Redis.
[2025-09-14T12:31:02.192Z] [Samehadaku] Scraping page 5 from https://v1.samehadaku.how/daftar-anime-2/page/5/
[2025-09-14T12:31:04.085Z] [Samehadaku] Found 30 anime links on page 5.
[2025-09-14T12:31:04.233Z] [Samehadaku] Successfully stored 30 slugs from page 5 in Redis.
[2025-09-14T12:31:05.289Z] [Samehadaku] Scraping page 6 from https://v1.samehadaku.how/daftar-anime-2/page/6/
[2025-09-14T12:31:08.153Z] [Samehadaku] Found 30 anime links on page 6.
[2025-09-14T12:31:08.243Z] [Samehadaku] Successfully stored 30 slugs from page 6 in Redis.
[2025-09-14T12:31:09.262Z] [Samehadaku] Scraping page 7 from https://v1.samehadaku.how/daftar-anime-2/page/7/
[2025-09-14T12:31:10.255Z] [Samehadaku] Found 30 anime links on page 7.
[2025-09-14T12:31:10.326Z] [Samehadaku] Successfully stored 30 slugs from page 7 in Redis.
[2025-09-14T12:31:11.339Z] [Samehadaku] Scraping page 8 from https://v1.samehadaku.how/daftar-anime-2/page/8/
[2025-09-14T12:31:12.837Z] [Samehadaku] Found 30 anime links on page 8.
[2025-09-14T12:31:12.915Z] [Samehadaku] Successfully stored 30 slugs from page 8 in Redis.
[2025-09-14T12:31:13.938Z] [Samehadaku] Scraping page 9 from https://v1.samehadaku.how/daftar-anime-2/page/9/
[2025-09-14T12:31:14.400Z] [Samehadaku] Found 30 anime links on page 9.
[2025-09-14T12:31:14.544Z] [Samehadaku] Successfully stored 30 slugs from page 9 in Redis.
[2025-09-14T12:31:15.548Z] [Samehadaku] Scraping page 10 from https://v1.samehadaku.how/daftar-anime-2/page/10/
[2025-09-14T12:31:16.979Z] [Samehadaku] Found 30 anime links on page 10.
[2025-09-14T12:31:17.048Z] [Samehadaku] Successfully stored 30 slugs from page 10 in Redis.
[2025-09-14T12:31:18.077Z] [Samehadaku] Scraping page 11 from https://v1.samehadaku.how/daftar-anime-2/page/11/
[2025-09-14T12:31:19.381Z] [Samehadaku] Found 30 anime links on page 11.
[2025-09-14T12:31:19.460Z] [Samehadaku] Successfully stored 30 slugs from page 11 in Redis.
[2025-09-14T12:31:20.464Z] [Samehadaku] Scraping page 12 from https://v1.samehadaku.how/daftar-anime-2/page/12/
[2025-09-14T12:31:21.304Z] [Samehadaku] Found 30 anime links on page 12.
[2025-09-14T12:31:21.372Z] [Samehadaku] Successfully stored 30 slugs from page 12 in Redis.
[2025-09-14T12:31:22.375Z] [Samehadaku] Scraping page 13 from https://v1.samehadaku.how/daftar-anime-2/page/13/
[2025-09-14T12:31:23.051Z] [Samehadaku] Found 30 anime links on page 13.
[2025-09-14T12:31:23.127Z] [Samehadaku] Successfully stored 30 slugs from page 13 in Redis.
[2025-09-14T12:31:24.130Z] [Samehadaku] Scraping page 14 from https://v1.samehadaku.how/daftar-anime-2/page/14/
[2025-09-14T12:31:24.529Z] [Samehadaku] Found 30 anime links on page 14.
[2025-09-14T12:31:24.595Z] [Samehadaku] Successfully stored 30 slugs from page 14 in Redis.
[2025-09-14T12:31:25.607Z] [Samehadaku] Scraping page 15 from https://v1.samehadaku.how/daftar-anime-2/page/15/
[2025-09-14T12:31:28.226Z] [Samehadaku] Found 30 anime links on page 15.
[2025-09-14T12:31:28.333Z] [Samehadaku] Successfully stored 30 slugs from page 15 in Redis.
[2025-09-14T12:31:29.350Z] [Samehadaku] Scraping page 16 from https://v1.samehadaku.how/daftar-anime-2/page/16/
[2025-09-14T12:31:30.084Z] [Samehadaku] Found 30 anime links on page 16.
[2025-09-14T12:31:30.171Z] [Samehadaku] Successfully stored 30 slugs from page 16 in Redis.
[2025-09-14T12:31:31.204Z] [Samehadaku] Scraping page 17 from https://v1.samehadaku.how/daftar-anime-2/page/17/
[2025-09-14T12:31:32.391Z] [Samehadaku] Found 30 anime links on page 17.
[2025-09-14T12:31:32.458Z] [Samehadaku] Successfully stored 30 slugs from page 17 in Redis.
[2025-09-14T12:31:33.467Z] [Samehadaku] Scraping page 18 from https://v1.samehadaku.how/daftar-anime-2/page/18/
[2025-09-14T12:31:34.174Z] [Samehadaku] Found 30 anime links on page 18.
[2025-09-14T12:31:34.240Z] [Samehadaku] Successfully stored 30 slugs from page 18 in Redis.
[2025-09-14T12:31:35.254Z] [Samehadaku] Scraping page 19 from https://v1.samehadaku.how/daftar-anime-2/page/19/
[2025-09-14T12:31:36.879Z] [Samehadaku] Found 30 anime links on page 19.
[2025-09-14T12:31:36.953Z] [Samehadaku] Successfully stored 30 slugs from page 19 in Redis.
[2025-09-14T12:31:37.959Z] [Samehadaku] Scraping page 20 from https://v1.samehadaku.how/daftar-anime-2/page/20/
[2025-09-14T12:31:39.597Z] [Samehadaku] Found 30 anime links on page 20.
[2025-09-14T12:31:39.645Z] [Samehadaku] Successfully stored 30 slugs from page 20 in Redis.
[2025-09-14T12:31:40.663Z] [Samehadaku] Scraping page 21 from https://v1.samehadaku.how/daftar-anime-2/page/21/
[2025-09-14T12:31:41.278Z] [Samehadaku] Found 17 anime links on page 21.
[2025-09-14T12:31:41.365Z] [Samehadaku] Successfully stored 17 slugs from page 21 in Redis.
[2025-09-14T12:31:42.393Z] [Samehadaku] Scraping page 22 from https://v1.samehadaku.how/daftar-anime-2/page/22/
[2025-09-14T12:31:42.789Z] [Samehadaku] Found 0 anime links on page 22.
[2025-09-14T12:31:42.790Z] [Samehadaku] No more anime links found. Exiting.
[2025-09-14T12:31:42.871Z] [Samehadaku] Finished scraping. Total slugs stored: 615
[2025-09-14T12:31:42.873Z] Samehadaku scraper finished.
[2025-09-14T12:31:42.875Z] All scrapers finished.
[2025-09-14T12:41:34.945Z] Starting all scrapers...
[2025-09-14T12:41:34.948Z] Starting Animesail scraper...
[2025-09-14T12:41:34.949Z] [Animesail] Starting scraping from https://154.26.137.28/anime/
[2025-09-14T12:41:36.724Z] [Animesail] Cleared old data from slugs:animesail
[2025-09-14T12:41:43.076Z] [Animesail] Found 4803 anime links.
[2025-09-14T12:54:09.447Z] Starting all scrapers...
[2025-09-14T12:54:09.455Z] Starting Animesail scraper...
[2025-09-14T12:54:09.457Z] [Animesail] Starting scraping from https://154.26.137.28/anime/
[2025-09-14T12:54:09.459Z] [Animesail] No proxy configured. Scraping may fail due to geo-blocking.
[2025-09-14T12:54:10.595Z] [Animesail] Cleared old data from slugs:animesail
[2025-09-14T12:54:13.187Z] [Animesail] Found 4803 anime links.
[2025-09-14T12:54:14.954Z] [Animesail] Successfully stored 4803 slugs in Redis.
[2025-09-14T12:54:14.960Z] Animesail scraper finished.
[2025-09-14T13:37:28.920Z] Starting all scrapers...
[2025-09-14T13:37:28.921Z] Starting Animesail scraper...
[2025-09-14T13:37:28.921Z] [Animesail] Starting scraping from https://154.26.137.28/anime/
[2025-09-14T13:37:30.207Z] [Animesail] Cleared old data from slugs:animesail
[2025-09-14T13:37:42.196Z] [Animesail] Found 4803 anime links.
[2025-09-14T13:54:14.971Z] Starting all scrapers...
[2025-09-14T13:54:14.973Z] Starting Animesail scraper...
[2025-09-14T13:54:14.974Z] [Animesail] Starting scraping from https://154.26.137.28/anime/
[2025-09-14T13:54:15.954Z] [Animesail] Cleared old data from slugs:animesail
[2025-09-14T13:54:17.460Z] [Animesail] Found 0 anime links on attempt 1.
[2025-09-14T13:54:17.461Z] [Animesail] No links found, retrying in 3 seconds...
[2025-09-14T13:54:20.579Z] [Animesail] Found 0 anime links on attempt 2.
[2025-09-14T13:54:20.580Z] [Animesail] No links found, retrying in 3 seconds...
[2025-09-14T13:54:23.713Z] [Animesail] Found 0 anime links on attempt 3.
[2025-09-14T13:54:23.714Z] [Animesail] No anime links found after 3 attempts.
[2025-09-14T13:54:23.714Z] Animesail scraper finished.
[2025-09-14T13:54:28.739Z] Starting Samehadaku scraper...
[2025-09-14T13:54:28.742Z] [Samehadaku] Starting scraping...
[2025-09-14T13:54:28.799Z] [Samehadaku] Cleared old data from slugs:samehadaku
[2025-09-14T13:54:28.801Z] [Samehadaku] Scraping page 1 from https://v1.samehadaku.how/daftar-anime-2/
[2025-09-14T13:54:29.750Z] [Samehadaku] Found 30 anime links on page 1.
[2025-09-14T13:54:29.910Z] [Samehadaku] Successfully stored 30 slugs from page 1 in Redis.
[2025-09-14T13:54:31.555Z] Starting all scrapers...
[2025-09-14T13:54:31.556Z] Starting Animesail scraper...
[2025-09-14T13:54:31.557Z] [Animesail] Starting scraping from https://154.26.137.28/anime/
[2025-09-14T13:54:32.433Z] [Animesail] Cleared old data from slugs:animesail
[2025-09-14T13:54:33.827Z] [Animesail] Found 0 anime links on attempt 1.
[2025-09-14T13:54:33.828Z] [Animesail] No links found, retrying in 3 seconds...
[2025-09-14T13:57:02.470Z] Starting all scrapers...
[2025-09-14T13:57:02.471Z] Starting Animesail scraper...
[2025-09-14T13:57:02.472Z] [Animesail] Starting scraping from https://154.26.137.28/anime/
[2025-09-14T13:57:03.400Z] [Animesail] Cleared old data from slugs:animesail
[2025-09-14T13:57:04.346Z] [Animesail] Found 4803 anime links on attempt 1.
[2025-09-14T13:57:05.513Z] [Animesail] Successfully stored 4803 slugs in Redis.
[2025-09-14T13:57:05.514Z] Animesail scraper finished.
[2025-09-14T13:57:10.528Z] Starting Samehadaku scraper...
[2025-09-14T13:57:10.530Z] [Samehadaku] Starting scraping...
[2025-09-14T13:57:10.613Z] [Samehadaku] Cleared old data from slugs:samehadaku
[2025-09-14T13:57:10.615Z] [Samehadaku] Scraping page 1 from https://v1.samehadaku.how/daftar-anime-2/
[2025-09-14T13:57:11.970Z] [Samehadaku] Found 30 anime links on page 1.
[2025-09-14T13:57:12.060Z] [Samehadaku] Successfully stored 30 slugs from page 1 in Redis.
[2025-09-14T14:05:36.971Z] Starting all scrapers...
[2025-09-14T14:05:36.973Z] Starting Animesail scraper...
[2025-09-14T14:05:36.974Z] [Animesail] Starting scraping from https://154.26.137.28/anime/
[2025-09-14T14:05:38.160Z] [Animesail] Cleared old data from slugs:animesail
[2025-09-14T14:05:42.977Z] [Animesail] Found 4803 anime links on attempt 1.
[2025-09-14T14:05:44.420Z] [Animesail] Successfully stored 4803 slugs in Redis.
[2025-09-14T14:05:44.422Z] Animesail scraper finished.
[2025-09-14T14:05:49.442Z] Starting Samehadaku scraper...
[2025-09-14T14:05:49.444Z] [Samehadaku] Starting scraping...
[2025-09-14T14:05:49.845Z] [Samehadaku] Cleared old data from slugs:samehadaku
[2025-09-14T14:05:49.846Z] [Samehadaku] Scraping page 1 from https://v1.samehadaku.how/daftar-anime-2/
[2025-09-14T14:05:50.981Z] [Samehadaku] Found 30 anime links on page 1.
[2025-09-14T14:05:51.076Z] [Samehadaku] Successfully stored 30 slugs from page 1 in Redis.
[2025-09-14T14:05:52.097Z] [Samehadaku] Scraping page 2 from https://v1.samehadaku.how/daftar-anime-2/page/2/
[2025-09-14T14:05:52.522Z] [Samehadaku] Found 30 anime links on page 2.
[2025-09-14T14:05:52.638Z] [Samehadaku] Successfully stored 30 slugs from page 2 in Redis.
[2025-09-14T14:05:53.680Z] [Samehadaku] Scraping page 3 from https://v1.samehadaku.how/daftar-anime-2/page/3/
[2025-09-14T14:05:54.062Z] [Samehadaku] Found 30 anime links on page 3.
[2025-09-14T14:05:54.142Z] [Samehadaku] Successfully stored 30 slugs from page 3 in Redis.
[2025-09-14T14:05:55.143Z] [Samehadaku] Scraping page 4 from https://v1.samehadaku.how/daftar-anime-2/page/4/
[2025-09-14T14:05:55.552Z] [Samehadaku] Found 30 anime links on page 4.
[2025-09-14T14:05:55.647Z] [Samehadaku] Successfully stored 30 slugs from page 4 in Redis.
[2025-09-14T14:05:56.651Z] [Samehadaku] Scraping page 5 from https://v1.samehadaku.how/daftar-anime-2/page/5/
[2025-09-14T14:05:57.065Z] [Samehadaku] Found 30 anime links on page 5.
[2025-09-14T14:05:57.143Z] [Samehadaku] Successfully stored 30 slugs from page 5 in Redis.
[2025-09-14T14:05:58.144Z] [Samehadaku] Scraping page 6 from https://v1.samehadaku.how/daftar-anime-2/page/6/
[2025-09-14T14:05:58.816Z] [Samehadaku] Found 30 anime links on page 6.
[2025-09-14T14:05:58.884Z] [Samehadaku] Successfully stored 30 slugs from page 6 in Redis.
[2025-09-14T14:05:59.892Z] [Samehadaku] Scraping page 7 from https://v1.samehadaku.how/daftar-anime-2/page/7/
[2025-09-14T14:06:00.307Z] [Samehadaku] Found 30 anime links on page 7.
[2025-09-14T14:06:00.386Z] [Samehadaku] Successfully stored 30 slugs from page 7 in Redis.
[2025-09-14T14:06:01.387Z] [Samehadaku] Scraping page 8 from https://v1.samehadaku.how/daftar-anime-2/page/8/
[2025-09-14T14:06:01.813Z] [Samehadaku] Found 30 anime links on page 8.
[2025-09-14T14:06:01.885Z] [Samehadaku] Successfully stored 30 slugs from page 8 in Redis.
[2025-09-14T14:06:02.894Z] [Samehadaku] Scraping page 9 from https://v1.samehadaku.how/daftar-anime-2/page/9/
[2025-09-14T14:06:03.297Z] [Samehadaku] Found 30 anime links on page 9.
[2025-09-14T14:06:03.363Z] [Samehadaku] Successfully stored 30 slugs from page 9 in Redis.
[2025-09-14T14:06:04.364Z] [Samehadaku] Scraping page 10 from https://v1.samehadaku.how/daftar-anime-2/page/10/
[2025-09-14T14:06:04.800Z] [Samehadaku] Found 30 anime links on page 10.
[2025-09-14T14:06:04.899Z] [Samehadaku] Successfully stored 30 slugs from page 10 in Redis.
[2025-09-14T14:06:05.913Z] [Samehadaku] Scraping page 11 from https://v1.samehadaku.how/daftar-anime-2/page/11/
[2025-09-14T14:06:06.405Z] [Samehadaku] Found 30 anime links on page 11.
[2025-09-14T14:06:06.464Z] [Samehadaku] Successfully stored 30 slugs from page 11 in Redis.
[2025-09-14T14:06:07.469Z] [Samehadaku] Scraping page 12 from https://v1.samehadaku.how/daftar-anime-2/page/12/
[2025-09-14T14:06:08.037Z] [Samehadaku] Found 30 anime links on page 12.
[2025-09-14T14:06:08.113Z] [Samehadaku] Successfully stored 30 slugs from page 12 in Redis.
[2025-09-14T14:06:09.116Z] [Samehadaku] Scraping page 13 from https://v1.samehadaku.how/daftar-anime-2/page/13/
[2025-09-14T14:06:09.502Z] [Samehadaku] Found 30 anime links on page 13.
[2025-09-14T14:06:09.570Z] [Samehadaku] Successfully stored 30 slugs from page 13 in Redis.
[2025-09-14T14:06:10.576Z] [Samehadaku] Scraping page 14 from https://v1.samehadaku.how/daftar-anime-2/page/14/
[2025-09-14T14:06:11.001Z] [Samehadaku] Found 30 anime links on page 14.
[2025-09-14T14:06:11.078Z] [Samehadaku] Successfully stored 30 slugs from page 14 in Redis.
[2025-09-14T14:06:12.079Z] [Samehadaku] Scraping page 15 from https://v1.samehadaku.how/daftar-anime-2/page/15/
[2025-09-14T14:06:12.741Z] [Samehadaku] Found 30 anime links on page 15.
[2025-09-14T14:06:12.814Z] [Samehadaku] Successfully stored 30 slugs from page 15 in Redis.
[2025-09-14T14:06:13.840Z] [Samehadaku] Scraping page 16 from https://v1.samehadaku.how/daftar-anime-2/page/16/
[2025-09-14T14:06:14.264Z] [Samehadaku] Found 30 anime links on page 16.
[2025-09-14T14:06:14.334Z] [Samehadaku] Successfully stored 30 slugs from page 16 in Redis.
[2025-09-14T14:06:15.335Z] [Samehadaku] Scraping page 17 from https://v1.samehadaku.how/daftar-anime-2/page/17/
[2025-09-14T14:06:15.698Z] [Samehadaku] Found 30 anime links on page 17.
[2025-09-14T14:06:15.760Z] [Samehadaku] Successfully stored 30 slugs from page 17 in Redis.
[2025-09-14T14:06:16.774Z] [Samehadaku] Scraping page 18 from https://v1.samehadaku.how/daftar-anime-2/page/18/
[2025-09-14T14:06:17.200Z] [Samehadaku] Found 30 anime links on page 18.
[2025-09-14T14:06:17.274Z] [Samehadaku] Successfully stored 30 slugs from page 18 in Redis.
[2025-09-14T14:06:18.275Z] [Samehadaku] Scraping page 19 from https://v1.samehadaku.how/daftar-anime-2/page/19/
[2025-09-14T14:06:18.683Z] [Samehadaku] Found 30 anime links on page 19.
[2025-09-14T14:06:18.753Z] [Samehadaku] Successfully stored 30 slugs from page 19 in Redis.
[2025-09-14T14:06:50.481Z] [Samehadaku] Scraping page 20 from https://v1.samehadaku.how/daftar-anime-2/page/20/
[2025-09-14T14:06:52.658Z] [Samehadaku] Found 30 anime links on page 20.
[2025-09-14T14:06:53.403Z] [Samehadaku] Successfully stored 30 slugs from page 20 in Redis.
[2025-09-14T14:06:54.415Z] [Samehadaku] Scraping page 21 from https://v1.samehadaku.how/daftar-anime-2/page/21/
[2025-09-14T14:06:54.888Z] [Samehadaku] Found 17 anime links on page 21.
[2025-09-14T14:06:54.961Z] [Samehadaku] Successfully stored 17 slugs from page 21 in Redis.
[2025-09-14T14:06:55.979Z] [Samehadaku] Scraping page 22 from https://v1.samehadaku.how/daftar-anime-2/page/22/
[2025-09-14T14:06:56.480Z] [Samehadaku] Found 0 anime links on page 22.
[2025-09-14T14:06:56.480Z] [Samehadaku] No more anime links found. Exiting.
[2025-09-14T14:06:56.551Z] [Samehadaku] Finished scraping. Total slugs stored: 615
[2025-09-14T14:06:56.552Z] Samehadaku scraper finished.
[2025-09-14T14:06:56.553Z] All scrapers finished.
[2025-09-14T14:07:04.344Z] Error
    at NotFoundError (/home/abib/project/api/otakuin-api/node_modules/elysia/src/error.ts:100:3)
    at anonymous (file:///home/abib/project/api/otakuin-api/node_modules/elysia/dist/bun/index.js:12:33)
    at composeGeneralHandler (/home/abib/project/api/otakuin-api/node_modules/elysia/src/compose.ts:2442:2)
    at compile (/home/abib/project/api/otakuin-api/node_modules/elysia/src/index.ts:6662:7)
    at <anonymous> (/home/abib/project/api/otakuin-api/node_modules/elysia/src/adapter/bun/index.ts:218:8)
    at listen (/home/abib/project/api/otakuin-api/node_modules/elysia/src/index.ts:6747:31)
    at <anonymous> (/home/abib/project/api/otakuin-api/src/main.ts:16:9)
    at processTicksAndRejections (unknown:7:39)
[2025-09-14T14:07:07.405Z] [Request] GET http://127.0.0.1:3000/api/anime/19/episode/1
[2025-09-14T14:10:30.191Z] [Request] GET http://127.0.0.1:3000/api/anime/test
[2025-09-14T14:10:31.345Z] [Request] GET http://127.0.0.1:3000/api/anime/test
[2025-09-14T14:10:31.851Z] [Request] GET http://127.0.0.1:3000/api/anime/test
[2025-09-14T14:10:32.870Z] [Request] GET http://127.0.0.1:3000/api/anime/test
[2025-09-14T14:10:41.510Z] [Request] GET http://127.0.0.1:3000/api/anime/19
[2025-09-14T14:11:07.182Z] [Request] GET http://127.0.0.1:3000/api/anime/19/episode/1
[2025-09-14T14:13:03.663Z] [Request] GET http://127.0.0.1:3000/api/anime/19/episode/1
[2025-09-14T14:13:09.716Z] [Request] GET http://127.0.0.1:3000/api/anime/19/episode/2
[2025-09-14T14:14:46.856Z] [Request] GET http://127.0.0.1:3000/api/anime/19/episode/3
[2025-09-14T14:18:57.618Z] Starting all scrapers...
[2025-09-14T14:18:57.619Z] Starting Animesail scraper...
[2025-09-14T14:18:57.620Z] [Animesail] Starting scraping from https://154.26.137.28/anime/
[2025-09-14T14:18:59.011Z] [Animesail] Cleared old data from slugs:animesail
[2025-09-14T14:19:00.810Z] [Animesail] Found 4803 anime links on attempt 1.
[2025-09-14T14:19:01.925Z] [Animesail] Successfully stored 4803 slugs in Redis.
[2025-09-14T14:19:01.925Z] Animesail scraper finished.
[2025-09-14T14:19:07.016Z] Starting Samehadaku scraper...
[2025-09-14T14:19:07.019Z] [Samehadaku] Starting scraping...
[2025-09-14T14:19:07.079Z] [Samehadaku] Cleared old data from slugs:samehadaku
[2025-09-14T14:19:07.082Z] [Samehadaku] Scraping page 1 from https://v1.samehadaku.how/daftar-anime-2/
[2025-09-14T14:19:07.890Z] [Samehadaku] Found 30 anime links on page 1.
[2025-09-14T14:19:08.027Z] [Samehadaku] Successfully stored 30 slugs from page 1 in Redis.
[2025-09-14T14:19:09.031Z] [Samehadaku] Scraping page 2 from https://v1.samehadaku.how/daftar-anime-2/page/2/
[2025-09-14T14:19:09.753Z] [Samehadaku] Found 30 anime links on page 2.
[2025-09-14T14:19:10.294Z] [Samehadaku] Successfully stored 30 slugs from page 2 in Redis.
[2025-09-14T14:19:11.310Z] [Samehadaku] Scraping page 3 from https://v1.samehadaku.how/daftar-anime-2/page/3/
[2025-09-14T14:19:11.777Z] [Samehadaku] Found 30 anime links on page 3.
[2025-09-14T14:19:11.854Z] [Samehadaku] Successfully stored 30 slugs from page 3 in Redis.
[2025-09-14T14:19:12.855Z] [Samehadaku] Scraping page 4 from https://v1.samehadaku.how/daftar-anime-2/page/4/
[2025-09-14T14:19:13.544Z] [Samehadaku] Found 30 anime links on page 4.
[2025-09-14T14:19:13.648Z] [Samehadaku] Successfully stored 30 slugs from page 4 in Redis.
[2025-09-14T14:19:14.653Z] [Samehadaku] Scraping page 5 from https://v1.samehadaku.how/daftar-anime-2/page/5/
[2025-09-14T14:19:15.127Z] [Samehadaku] Found 30 anime links on page 5.
[2025-09-14T14:19:15.239Z] [Samehadaku] Successfully stored 30 slugs from page 5 in Redis.
[2025-09-14T14:19:16.242Z] [Samehadaku] Scraping page 6 from https://v1.samehadaku.how/daftar-anime-2/page/6/
[2025-09-14T14:19:16.772Z] [Samehadaku] Found 30 anime links on page 6.
[2025-09-14T14:19:16.840Z] [Samehadaku] Successfully stored 30 slugs from page 6 in Redis.
[2025-09-14T14:19:17.841Z] [Samehadaku] Scraping page 7 from https://v1.samehadaku.how/daftar-anime-2/page/7/
[2025-09-14T14:19:18.310Z] [Samehadaku] Found 30 anime links on page 7.
[2025-09-14T14:19:18.368Z] [Samehadaku] Successfully stored 30 slugs from page 7 in Redis.
[2025-09-14T14:19:19.374Z] [Samehadaku] Scraping page 8 from https://v1.samehadaku.how/daftar-anime-2/page/8/
[2025-09-14T14:19:19.848Z] [Samehadaku] Found 30 anime links on page 8.
[2025-09-14T14:19:19.897Z] [Samehadaku] Successfully stored 30 slugs from page 8 in Redis.
[2025-09-14T14:19:20.897Z] [Samehadaku] Scraping page 9 from https://v1.samehadaku.how/daftar-anime-2/page/9/
[2025-09-14T14:19:21.391Z] [Samehadaku] Found 30 anime links on page 9.
[2025-09-14T14:19:21.445Z] [Samehadaku] Successfully stored 30 slugs from page 9 in Redis.
[2025-09-14T14:19:22.461Z] [Samehadaku] Scraping page 10 from https://v1.samehadaku.how/daftar-anime-2/page/10/
[2025-09-14T14:19:22.843Z] [Samehadaku] Found 30 anime links on page 10.
[2025-09-14T14:19:22.930Z] [Samehadaku] Successfully stored 30 slugs from page 10 in Redis.
[2025-09-14T14:19:23.931Z] [Samehadaku] Scraping page 11 from https://v1.samehadaku.how/daftar-anime-2/page/11/
[2025-09-14T14:19:24.362Z] [Samehadaku] Found 30 anime links on page 11.
[2025-09-14T14:19:24.424Z] [Samehadaku] Successfully stored 30 slugs from page 11 in Redis.
[2025-09-14T14:19:25.448Z] [Samehadaku] Scraping page 12 from https://v1.samehadaku.how/daftar-anime-2/page/12/
[2025-09-14T14:19:26.014Z] [Samehadaku] Found 30 anime links on page 12.
[2025-09-14T14:19:26.198Z] [Samehadaku] Successfully stored 30 slugs from page 12 in Redis.
[2025-09-14T14:19:27.208Z] [Samehadaku] Scraping page 13 from https://v1.samehadaku.how/daftar-anime-2/page/13/
[2025-09-14T14:19:28.143Z] [Samehadaku] Found 30 anime links on page 13.
[2025-09-14T14:19:28.665Z] [Samehadaku] Successfully stored 30 slugs from page 13 in Redis.
[2025-09-14T14:19:29.666Z] [Samehadaku] Scraping page 14 from https://v1.samehadaku.how/daftar-anime-2/page/14/
[2025-09-14T14:20:40.694Z] [Samehadaku] Found 30 anime links on page 14.
[2025-09-14T14:20:41.787Z] [Samehadaku] Successfully stored 30 slugs from page 14 in Redis.
[2025-09-14T14:20:42.795Z] [Samehadaku] Scraping page 15 from https://v1.samehadaku.how/daftar-anime-2/page/15/
[2025-09-14T14:20:43.995Z] [Samehadaku] Found 30 anime links on page 15.
[2025-09-14T14:20:44.151Z] [Samehadaku] Successfully stored 30 slugs from page 15 in Redis.
[2025-09-14T14:20:45.186Z] [Samehadaku] Scraping page 16 from https://v1.samehadaku.how/daftar-anime-2/page/16/
[2025-09-14T14:20:45.928Z] [Samehadaku] Found 30 anime links on page 16.
[2025-09-14T14:20:46.028Z] [Samehadaku] Successfully stored 30 slugs from page 16 in Redis.
[2025-09-14T14:20:47.036Z] [Samehadaku] Scraping page 17 from https://v1.samehadaku.how/daftar-anime-2/page/17/
[2025-09-14T14:20:47.450Z] [Samehadaku] Found 30 anime links on page 17.
[2025-09-14T14:20:47.519Z] [Samehadaku] Successfully stored 30 slugs from page 17 in Redis.
[2025-09-14T14:20:48.530Z] [Samehadaku] Scraping page 18 from https://v1.samehadaku.how/daftar-anime-2/page/18/
[2025-09-14T14:20:49.095Z] [Samehadaku] Found 30 anime links on page 18.
[2025-09-14T14:20:49.173Z] [Samehadaku] Successfully stored 30 slugs from page 18 in Redis.
[2025-09-14T14:20:50.196Z] [Samehadaku] Scraping page 19 from https://v1.samehadaku.how/daftar-anime-2/page/19/
[2025-09-14T14:20:50.657Z] [Samehadaku] Found 30 anime links on page 19.
[2025-09-14T14:20:50.724Z] [Samehadaku] Successfully stored 30 slugs from page 19 in Redis.
[2025-09-14T14:20:51.725Z] [Samehadaku] Scraping page 20 from https://v1.samehadaku.how/daftar-anime-2/page/20/
[2025-09-14T14:20:52.382Z] [Samehadaku] Found 30 anime links on page 20.
[2025-09-14T14:20:52.453Z] [Samehadaku] Successfully stored 30 slugs from page 20 in Redis.
[2025-09-14T14:20:53.482Z] [Samehadaku] Scraping page 21 from https://v1.samehadaku.how/daftar-anime-2/page/21/
[2025-09-14T14:20:53.843Z] [Samehadaku] Found 17 anime links on page 21.
[2025-09-14T14:20:53.917Z] [Samehadaku] Successfully stored 17 slugs from page 21 in Redis.
[2025-09-14T14:20:54.920Z] [Samehadaku] Scraping page 22 from https://v1.samehadaku.how/daftar-anime-2/page/22/
[2025-09-14T14:20:55.828Z] [Samehadaku] Found 0 anime links on page 22.
[2025-09-14T14:20:55.829Z] [Samehadaku] No more anime links found. Exiting.
[2025-09-14T14:20:55.917Z] [Samehadaku] Finished scraping. Total slugs stored: 615
[2025-09-14T14:20:55.918Z] Samehadaku scraper finished.
[2025-09-14T14:20:55.918Z] All scrapers finished.
[2025-09-14T14:21:43.141Z] [Request] GET http://127.0.0.1:3000/api/anime/19
[2025-09-14T14:26:24.590Z] [Request] GET http://127.0.0.1:3000/api/anime/19
[2025-09-14T14:26:39.931Z] [Request] GET http://127.0.0.1:3000/api/anime/19/episode/1
